<?xml version="1.0" encoding="UTF-8"?>
<!-- Generated by org.testng.reporters.JUnitReportReporter -->
<testsuite hostname="LAPTOP-N7ERCE6V" failures="0" tests="1" name="org.example.AppTest" time="34.447" errors="0" timestamp="2025-04-02T14:33:02 IST" skipped="0">
  <testcase classname="org.example.AppTest" name="login" time="34.447"/>
</testsuite> <!-- org.example.AppTest -->
